<?xml version="1.0" encoding="UTF-8"?>
<!-- Generated by org.testng.reporters.JUnitReportReporter -->
<testsuite hostname="DESKTOP-87L38GM" failures="0" tests="1" name="intduction.avaStreams" time="0.030" errors="0" timestamp="2022-03-01T15:44:54 IST" skipped="0">
  <testcase classname="intduction.avaStreams" name="streamfilter" time="0.030"/>
  <system-out/>
</testsuite> <!-- intduction.avaStreams -->
